<?xml version="1.0" encoding="UTF-8"?>
<testsuite name="multiset.HashMultiSetTest" tests="2" skipped="0" failures="0" errors="0" timestamp="2018-11-26T18:38:58" hostname="DESKTOP-300HAJB" time="0.008">
  <properties/>
  <testcase name="testbuildFromCollection" classname="multiset.HashMultiSetTest" time="0.007"/>
  <testcase name="testElementFrequency" classname="multiset.HashMultiSetTest" time="0.001"/>
  <system-out><![CDATA[]]></system-out>
  <system-err><![CDATA[]]></system-err>
</testsuite>
